{
  "stats": {
    "suites": 1,
    "tests": 3,
    "passes": 1,
    "pending": 0,
    "failures": 2,
    "start": "2024-10-20T11:08:39.493Z",
    "end": "2024-10-20T11:08:41.250Z",
    "duration": 1757,
    "testsRegistered": 3,
    "passPercent": 33.33333333333333,
    "pendingPercent": 0,
    "other": 0,
    "hasOther": false,
    "skipped": 0,
    "hasSkipped": false
  },
  "results": [
    {
      "uuid": "70b71cf7-bb2d-4fd1-82ef-91d67ae5f0a9",
      "title": "",
      "fullFile": "cypress\\e2e\\1-getting-started\\apiGetGoals.cy.js",
      "file": "cypress\\e2e\\1-getting-started\\apiGetGoals.cy.js",
      "beforeHooks": [],
      "afterHooks": [],
      "tests": [],
      "suites": [
        {
          "uuid": "7664ac00-11b1-48e8-858c-413e97551e1b",
          "title": "API Tests",
          "fullFile": "",
          "file": "",
          "beforeHooks": [],
          "afterHooks": [],
          "tests": [
            {
              "title": "getGoals",
              "fullTitle": "API Tests getGoals",
              "timedOut": null,
              "duration": 427,
              "state": "passed",
              "speed": "fast",
              "pass": true,
              "fail": false,
              "pending": false,
              "context": null,
              "code": "const team_id = '9012323965';\ncy.sendRequest('GET', `https://api.clickup.com/api/v2/team/${team_id}/goal?include_completed=true`).then(response => {\n  cy.log(`Response Status: ${response.status}`);\n  expect(response.status).to.eq(200);\n});",
              "err": {},
              "uuid": "cb6c5b62-a501-45d4-b393-aa62fdfbf3b9",
              "parentUUID": "7664ac00-11b1-48e8-858c-413e97551e1b",
              "isHook": false,
              "skipped": false
            },
            {
              "title": "createGoal",
              "fullTitle": "API Tests createGoal",
              "timedOut": null,
              "duration": 556,
              "state": "failed",
              "speed": null,
              "pass": false,
              "fail": true,
              "pending": false,
              "context": null,
              "code": "const team_id = '9012323965';\nconst body = {\n  \"name\": faker.internet.username(),\n  \"due_date\": 1568036964079,\n  \"description\": \"Goal Description\",\n  \"multiple_owners\": true,\n  \"owners\": [183],\n  \"color\": \"#32a852\"\n};\ncy.sendRequest('POST', `https://api.clickup.com/api/v2/team/${team_id}/goal`, body).then(response => {\n  cy.log(`Response Status: ${response.status}`);\n  expect(response.status).to.eq(200);\n});",
              "err": {
                "message": "TypeError: faker.internet.username is not a function",
                "estack": "TypeError: faker.internet.username is not a function\n    at Context.eval (webpack://cypress_project/./cypress/e2e/1-getting-started/apiGetGoals.cy.js:17:29)",
                "diff": null
              },
              "uuid": "b3a2a757-9cf0-4633-9d98-32eb07670746",
              "parentUUID": "7664ac00-11b1-48e8-858c-413e97551e1b",
              "isHook": false,
              "skipped": false
            },
            {
              "title": "updateGoal",
              "fullTitle": "API Tests updateGoal",
              "timedOut": null,
              "duration": 503,
              "state": "failed",
              "speed": null,
              "pass": false,
              "fail": true,
              "pending": false,
              "context": null,
              "code": "const body = {\n  \"name\": faker.internet.username(),\n  \"due_date\": 1568036964079,\n  \"description\": \"Goal Description\",\n  \"multiple_owners\": true,\n  \"owners\": [183],\n  \"color\": \"#32a852\"\n};\ncy.sendRequest('POST', `https://api.clickup.com/api/v2/team/${team_id}/goal`, body).then(response => {\n  const id = response.body.id;\n  const newBody = {\n    \"name\": faker.internet.username()\n  };\n  cy.sendRequest('PUT', `/goal/${id}`, newBody);\n  expect(response.status).to.eq(200);\n});\ncy.sendRequest('DELETE', `https://api.clickup.com/api/v2/team/${team_id}/goal`, body).then(response => {\n  const id = response.body.id;\n});",
              "err": {
                "message": "TypeError: faker.internet.username is not a function",
                "estack": "TypeError: faker.internet.username is not a function\n    at Context.eval (webpack://cypress_project/./cypress/e2e/1-getting-started/apiGetGoals.cy.js:35:29)",
                "diff": null
              },
              "uuid": "7b7439ea-2c7c-4a15-a235-0d0d2b526f62",
              "parentUUID": "7664ac00-11b1-48e8-858c-413e97551e1b",
              "isHook": false,
              "skipped": false
            }
          ],
          "suites": [],
          "passes": [
            "cb6c5b62-a501-45d4-b393-aa62fdfbf3b9"
          ],
          "failures": [
            "b3a2a757-9cf0-4633-9d98-32eb07670746",
            "7b7439ea-2c7c-4a15-a235-0d0d2b526f62"
          ],
          "pending": [],
          "skipped": [],
          "duration": 1486,
          "root": false,
          "rootEmpty": false,
          "_timeout": 2000
        }
      ],
      "passes": [],
      "failures": [],
      "pending": [],
      "skipped": [],
      "duration": 0,
      "root": true,
      "rootEmpty": true,
      "_timeout": 2000
    }
  ],
  "meta": {
    "mocha": {
      "version": "7.0.1"
    },
    "mochawesome": {
      "options": {
        "quiet": false,
        "reportFilename": "mochawesome",
        "saveHtml": true,
        "saveJson": true,
        "consoleReporter": "spec",
        "useInlineDiffs": false,
        "code": true
      },
      "version": "7.1.3"
    },
    "marge": {
      "options": {
        "reportDir": "cypress/reports",
        "overwrite": false,
        "html": true,
        "json": true
      },
      "version": "6.2.0"
    }
  }
}