{
  "stats": {
    "suites": 1,
    "tests": 2,
    "passes": 1,
    "pending": 0,
    "failures": 1,
    "start": "2024-10-19T16:46:53.059Z",
    "end": "2024-10-19T16:46:54.620Z",
    "duration": 1561,
    "testsRegistered": 2,
    "passPercent": 50,
    "pendingPercent": 0,
    "other": 0,
    "hasOther": false,
    "skipped": 0,
    "hasSkipped": false
  },
  "results": [
    {
      "uuid": "29b4e717-06a5-43ad-80c1-833648b84b5b",
      "title": "",
      "fullFile": "cypress\\e2e\\1-getting-started\\apiGetGoals.cy.js",
      "file": "cypress\\e2e\\1-getting-started\\apiGetGoals.cy.js",
      "beforeHooks": [],
      "afterHooks": [],
      "tests": [],
      "suites": [
        {
          "uuid": "2d7bcf33-d6c2-45c9-a448-109d4f00c64c",
          "title": "API Tests",
          "fullFile": "",
          "file": "",
          "beforeHooks": [],
          "afterHooks": [],
          "tests": [
            {
              "title": "getGoals",
              "fullTitle": "API Tests getGoals",
              "timedOut": null,
              "duration": 703,
              "state": "passed",
              "speed": "fast",
              "pass": true,
              "fail": false,
              "pending": false,
              "context": null,
              "code": "const team_id = '9012323965';\ncy.sendRequest('GET', `https://api.clickup.com/api/v2/team/${team_id}/goal?include_completed=true`).then(response => {\n  cy.log(`Response Status: ${response.status}`);\n  expect(response.status).to.eq(200);\n});",
              "err": {},
              "uuid": "6914b641-1b14-49d0-8ee9-a45f05ef0750",
              "parentUUID": "2d7bcf33-d6c2-45c9-a448-109d4f00c64c",
              "isHook": false,
              "skipped": false
            },
            {
              "title": "createGoal",
              "fullTitle": "API Tests createGoal",
              "timedOut": null,
              "duration": 721,
              "state": "failed",
              "speed": null,
              "pass": false,
              "fail": true,
              "pending": false,
              "context": null,
              "code": "const team_id = '9012323965';\nconst body = {\n  \"name\": \"Goal Name4\",\n  \"due_date\": 1568036964079,\n  \"description\": \"Goal Description\",\n  \"multiple_owners\": true,\n  \"owners\": [183],\n  \"color\": \"#32a852\"\n};\ncy.sendRequest('POST', `https://api.clickup.com/api/v2/team/${team_id}/goal`, body).then(response => {\n  cy.log(`Response Status: ${response.status}`);\n  expect(response.status).to.eq(200);\n  expect(response.body.name).to.eq(\"Goal Name4\");\n});",
              "err": {
                "message": "AssertionError: expected 404 to equal 200",
                "estack": "AssertionError: expected 404 to equal 200\n    at Context.eval (webpack://cypress_project/./cypress/e2e/1-getting-started/apiGetGoals.cy.js:25:33)",
                "diff": "- 404\n+ 200\n"
              },
              "uuid": "3a5d8d81-1511-4527-82ae-841ea525b8a8",
              "parentUUID": "2d7bcf33-d6c2-45c9-a448-109d4f00c64c",
              "isHook": false,
              "skipped": false
            }
          ],
          "suites": [],
          "passes": [
            "6914b641-1b14-49d0-8ee9-a45f05ef0750"
          ],
          "failures": [
            "3a5d8d81-1511-4527-82ae-841ea525b8a8"
          ],
          "pending": [],
          "skipped": [],
          "duration": 1424,
          "root": false,
          "rootEmpty": false,
          "_timeout": 2000
        }
      ],
      "passes": [],
      "failures": [],
      "pending": [],
      "skipped": [],
      "duration": 0,
      "root": true,
      "rootEmpty": true,
      "_timeout": 2000
    }
  ],
  "meta": {
    "mocha": {
      "version": "7.0.1"
    },
    "mochawesome": {
      "options": {
        "quiet": false,
        "reportFilename": "mochawesome",
        "saveHtml": true,
        "saveJson": true,
        "consoleReporter": "spec",
        "useInlineDiffs": false,
        "code": true
      },
      "version": "7.1.3"
    },
    "marge": {
      "options": {
        "reportDir": "cypress/reports",
        "overwrite": false,
        "html": true,
        "json": true
      },
      "version": "6.2.0"
    }
  }
}